<?xml version="1.0" encoding="UTF-8"?>
<!-- Generated by org.testng.reporters.JUnitXMLReporter -->
<testsuite hostname="DESKTOP-ORRIRKU" ignored="0" name="Banking Application test" tests="1" failures="1" timestamp="23 Sep 2021 11:15:07 GMT" time="7.338" errors="0">
  <testcase name="loginTest" time="3.644" classname="com.Netbanking.testCases.TC001_LoginTest">
    <failure type="java.lang.AssertionError" message="The following asserts failed:
	expected [true] but found [false]">
      <![CDATA[java.lang.AssertionError: The following asserts failed:
expected [true] but found [false]
at com.Netbanking.testCases.TC001_LoginTest.loginTest(TC001_LoginTest.java:39)
... Removed 26 stack frames]]>
    </failure>
  </testcase> <!-- loginTest -->
</testsuite> <!-- Banking Application test -->
